<?xml version="1.0" encoding="UTF-8"?>
<!-- Generated by org.testng.reporters.JUnitReportReporter -->
<testsuite hostname="RYT" failures="0" tests="1" name="com.test.classes.Guru99Test" time="52518.152" errors="0" timestamp="2024-11-06T10:47:34 IST" skipped="0">
  <testcase classname="com.test.classes.Guru99Test" name="doLogin" time="52518.152"/>
  <system-out/>
</testsuite> <!-- com.test.classes.Guru99Test -->
